
           ___      .______        ______  __    __  .______      
          /   \     |   _  \      /      ||  |  |  | |   _  \     
         /  ^  \    |  |_)  |    |  ,----'|  |__|  | |  |_)  |    
        /  /_\  \   |      /     |  |     |   __   | |      /     
       /  _____  \  |  |\  \\___ |  `----.|  |  |  | |  |\  \\___.
      /__/     \__\ | _| `._____| \______||__|  |__| | _| `._____|
    
Logging With ArchR!

Start Time : 2022-07-14 14:45:24

------- ArchR Info

ArchRThreads = 8

------- System Info

Computer OS = unix
Total Cores = 16

------- Session Info

R version 4.1.2 (2021-11-01)
Platform: x86_64-pc-linux-gnu (64-bit)
Running under: Red Hat Enterprise Linux

Matrix products: default
BLAS/LAPACK: /usr/lib64/libopenblas-r0.3.3.so

Random number generation:
 RNG:     L'Ecuyer-CMRG 
 Normal:  Inversion 
 Sample:  Rejection 
 
locale:
 [1] LC_CTYPE=en_US.UTF-8       LC_NUMERIC=C              
 [3] LC_TIME=en_US.UTF-8        LC_COLLATE=en_US.UTF-8    
 [5] LC_MONETARY=en_US.UTF-8    LC_MESSAGES=en_US.UTF-8   
 [7] LC_PAPER=en_US.UTF-8       LC_NAME=C                 
 [9] LC_ADDRESS=C               LC_TELEPHONE=C            
[11] LC_MEASUREMENT=en_US.UTF-8 LC_IDENTIFICATION=C       

attached base packages:
 [1] parallel  grid      stats4    stats     graphics  grDevices utils    
 [8] datasets  methods   base     

other attached packages:
 [1] rhdf5_2.38.1                Rcpp_1.0.9                 
 [3] Matrix_1.3-4                data.table_1.14.2          
 [5] stringr_1.4.0               plyr_1.8.7                 
 [7] magrittr_2.0.3              ggplot2_3.3.6              
 [9] gtable_0.3.0                gtools_3.9.3               
[11] gridExtra_2.3               ArchR_1.0.2                
[13] SingleCellExperiment_1.16.0 SummarizedExperiment_1.24.0
[15] Biobase_2.54.0              GenomicRanges_1.46.1       
[17] GenomeInfoDb_1.30.1         IRanges_2.28.0             
[19] S4Vectors_0.32.4            BiocGenerics_0.40.0        
[21] MatrixGenerics_1.6.0        matrixStats_0.62.0         
[23] SeuratObject_4.0.4          Seurat_4.1.0               

loaded via a namespace (and not attached):
  [1] igraph_1.3.1           lazyeval_0.2.2         splines_4.1.2         
  [4] listenv_0.8.0          scattermore_0.8        usethis_2.1.5         
  [7] digest_0.6.29          htmltools_0.5.2        fansi_1.0.3           
 [10] memoise_2.0.1          tensor_1.5             cluster_2.1.2         
 [13] ROCR_1.0-11            remotes_2.4.2          globals_0.14.0        
 [16] spatstat.sparse_2.1-1  prettyunits_1.1.1      colorspace_2.0-3      
 [19] ggrepel_0.9.1          dplyr_1.0.9            callr_3.7.0           
 [22] crayon_1.5.1           RCurl_1.98-1.7         jsonlite_1.8.0        
 [25] spatstat.data_2.2-0    survival_3.2-13        zoo_1.8-10            
 [28] glue_1.6.2             polyclip_1.10-0        zlibbioc_1.40.0       
 [31] XVector_0.34.0         leiden_0.3.9           DelayedArray_0.20.0   
 [34] pkgbuild_1.3.1         Rhdf5lib_1.16.0        future.apply_1.8.1    
 [37] abind_1.4-5            scales_1.2.0           DBI_1.1.3             
 [40] spatstat.random_2.2-0  miniUI_0.1.1.1         viridisLite_0.4.0     
 [43] xtable_1.8-4           reticulate_1.24        spatstat.core_2.4-2   
 [46] htmlwidgets_1.5.4      httr_1.4.3             RColorBrewer_1.1-3    
 [49] ellipsis_0.3.2         ica_1.0-2              pkgconfig_2.0.3       
 [52] farver_2.1.1           uwot_0.1.11            deldir_1.0-6          
 [55] utf8_1.2.2             tidyselect_1.1.2       labeling_0.4.2        
 [58] rlang_1.0.4            reshape2_1.4.4         later_1.3.0           
 [61] munsell_0.5.0          tools_4.1.2            cachem_1.0.6          
 [64] cli_3.3.0              generics_0.1.3         devtools_2.4.3        
 [67] ggridges_0.5.3         fastmap_1.1.0          goftest_1.2-3         
 [70] processx_3.5.3         fs_1.5.2               fitdistrplus_1.1-8    
 [73] purrr_0.3.4            RANN_2.6.1             pbapply_1.5-0         
 [76] future_1.25.0          nlme_3.1-153           mime_0.12             
 [79] brio_1.1.3             compiler_4.1.2         plotly_4.10.0         
 [82] png_0.1-7              testthat_3.1.3         spatstat.utils_2.3-0  
 [85] tibble_3.1.7           stringi_1.7.8          ps_1.7.0              
 [88] desc_1.4.1             RSpectra_0.16-1        lattice_0.20-45       
 [91] vctrs_0.4.1            rhdf5filters_1.6.0     pillar_1.7.0          
 [94] lifecycle_1.0.1        spatstat.geom_2.4-0    lmtest_0.9-40         
 [97] RcppAnnoy_0.0.19       cowplot_1.1.1          bitops_1.0-7          
[100] irlba_2.3.5            httpuv_1.6.5           patchwork_1.1.1       
[103] R6_2.5.1               promises_1.2.0.1       KernSmooth_2.23-20    
[106] parallelly_1.31.1      sessioninfo_1.2.2      codetools_0.2-18      
[109] MASS_7.3-54            assertthat_0.2.1       pkgload_1.2.4         
[112] rprojroot_2.0.3        withr_2.5.0            sctransform_0.3.3     
[115] GenomeInfoDbData_1.2.7 mgcv_1.8-38            rpart_4.1-15          
[118] tidyr_1.2.0            Rtsne_0.16             shiny_1.7.1           


------- Log Info


2022-07-14 14:45:25 : getMatrixFromArrow Input-Parameters, Class = list

getMatrixFromArrow Input-Parameters$ArrowFile: length = 1
[1] "~/nzhanglab/data/GSE205117_Reik_mouseembryo/ftp1.babraham.ac.uk/data/processed/atac/archR/ArrowFiles/E7.5_rep1.arrow"


getMatrixFromArrow Input-Parameters$useMatrix: length = 1
[1] "GeneScoreMatrix"


getMatrixFromArrow Input-Parameters$useSeqnames: length = 0
NULL


getMatrixFromArrow Input-Parameters$cellNames: length = 0
NULL


getMatrixFromArrow Input-Parameters$ArchRProj: length = 1

getMatrixFromArrow Input-Parameters$verbose: length = 1
[1] TRUE


getMatrixFromArrow Input-Parameters$binarize: length = 1
[1] FALSE


getMatrixFromArrow Input-Parameters$logFile: length = 1
[1] "ArchRLogs/ArchR-getMatrixFromArrow-3ad16aa00da-Date-2022-07-14_Time-14-45-24.log"


